[EXCEPTION] 2026-06-06T00:26:13.708797796Z
Type: java.net.BindException
Message: Address already in use
Origin: java.base/sun.nio.ch.Net.bind0(Native Method)
StackTrace: java.base/sun.nio.ch.Net.bind0(Native Method)
java.base/sun.nio.ch.Net.bind(Net.java:522)
java.base/sun.nio.ch.Net.bind(Net.java:511)
java.base/sun.nio.ch.NioSocketImpl.bind(NioSocketImpl.java:641)
java.base/java.net.ServerSocket.bind(ServerSocket.java:326)
java.base/java.net.ServerSocket.<init>(ServerSocket.java:222)
server.base.BaseServer.<init>(BaseServer.java:75)
server.nitro.WebExpress.<init>(WebExpress.java:49)
server.nitro.NitroWebExpress.<init>(NitroWebExpress.java:55)
Main.<init>(Main.java:62)
Main.main(Main.java:81)
------------------------------------------------------------
[EXCEPTION] 2026-06-06T00:26:13.712303744Z
Type: java.net.BindException
Message: Address already in use
Origin: java.base/sun.nio.ch.Net.bind0(Native Method)
StackTrace:
java.base/sun.nio.ch.Net.bind0(Native Method)
java.base/sun.nio.ch.Net.bind(Net.java:522)
java.base/sun.nio.ch.Net.bind(Net.java:511)
java.base/sun.nio.ch.NioSocketImpl.bind(NioSocketImpl.java:641)
java.base/java.net.ServerSocket.bind(ServerSocket.java:326)
java.base/java.net.ServerSocket.<init>(ServerSocket.java:222)
server.base.BaseServer.<init>(BaseServer.java:75)
server.nitro.WebExpress.<init>(WebExpress.java:49)
server.nitro.NitroWebExpress.<init>(NitroWebExpress.java:55)
Main.<init>(Main.java:62)
Main.main(Main.java:81)
------------------------------------------------------------
[EXCEPTION] 2026-06-06T00:26:19.849917823Z
Type: java.net.BindException
Message: Address already in use
Origin: java.base/sun.nio.ch.Net.bind0(Native Method)
StackTrace: java.base/sun.nio.ch.Net.bind0(Native Method)
java.base/sun.nio.ch.Net.bind(Net.java:522)
java.base/sun.nio.ch.Net.bind(Net.java:511)
java.base/sun.nio.ch.NioSocketImpl.bind(NioSocketImpl.java:641)
java.base/java.net.ServerSocket.bind(ServerSocket.java:326)
java.base/java.net.ServerSocket.<init>(ServerSocket.java:222)
server.base.BaseServer.<init>(BaseServer.java:75)
server.nitro.WebExpress.<init>(WebExpress.java:49)
server.nitro.NitroWebExpress$Aspect$AESCompliant.<init>(NitroWebExpress.java:107)
Main.<init>(Main.java:72)
Main.main(Main.java:81)
------------------------------------------------------------
[EXCEPTION] 2026-06-06T00:26:19.850094327Z
Type: java.net.BindException
Message: Address already in use
Origin: java.base/sun.nio.ch.Net.bind0(Native Method)
StackTrace:
java.base/sun.nio.ch.Net.bind0(Native Method)
java.base/sun.nio.ch.Net.bind(Net.java:522)
java.base/sun.nio.ch.Net.bind(Net.java:511)
java.base/sun.nio.ch.NioSocketImpl.bind(NioSocketImpl.java:641)
java.base/java.net.ServerSocket.bind(ServerSocket.java:326)
java.base/java.net.ServerSocket.<init>(ServerSocket.java:222)
server.base.BaseServer.<init>(BaseServer.java:75)
server.nitro.WebExpress.<init>(WebExpress.java:49)
server.nitro.NitroWebExpress$Aspect$AESCompliant.<init>(NitroWebExpress.java:107)
Main.<init>(Main.java:72)
Main.main(Main.java:81)
------------------------------------------------------------
[EXCEPTION] 2026-06-06T00:26:24.129860301Z
Type: java.net.BindException
Message: Address already in use
Origin: java.base/sun.nio.ch.Net.bind0(Native Method)
StackTrace: java.base/sun.nio.ch.Net.bind0(Native Method)
java.base/sun.nio.ch.Net.bind(Net.java:522)
java.base/sun.nio.ch.Net.bind(Net.java:511)
java.base/sun.nio.ch.NioSocketImpl.bind(NioSocketImpl.java:641)
java.base/java.net.ServerSocket.bind(ServerSocket.java:326)
java.base/java.net.ServerSocket.<init>(ServerSocket.java:222)
server.base.BaseServer.<init>(BaseServer.java:75)
server.nitro.WebExpress.<init>(WebExpress.java:49)
server.nitro.NitroWebExpress$Aspect$BitcoinCompliant.<init>(NitroWebExpress.java:170)
Main.<init>(Main.java:74)
Main.main(Main.java:81)
------------------------------------------------------------
[EXCEPTION] 2026-06-06T00:26:24.130173386Z
Type: java.net.BindException
Message: Address already in use
Origin: java.base/sun.nio.ch.Net.bind0(Native Method)
StackTrace:
java.base/sun.nio.ch.Net.bind0(Native Method)
java.base/sun.nio.ch.Net.bind(Net.java:522)
java.base/sun.nio.ch.Net.bind(Net.java:511)
java.base/sun.nio.ch.NioSocketImpl.bind(NioSocketImpl.java:641)
java.base/java.net.ServerSocket.bind(ServerSocket.java:326)
java.base/java.net.ServerSocket.<init>(ServerSocket.java:222)
server.base.BaseServer.<init>(BaseServer.java:75)
server.nitro.WebExpress.<init>(WebExpress.java:49)
server.nitro.NitroWebExpress$Aspect$BitcoinCompliant.<init>(NitroWebExpress.java:170)
Main.<init>(Main.java:74)
Main.main(Main.java:81)
------------------------------------------------------------
[EXCEPTION] 2026-06-06T00:32:16.875560732Z
Type: java.net.BindException
Message: Address already in use
Origin: java.base/sun.nio.ch.Net.bind0(Native Method)
StackTrace: java.base/sun.nio.ch.Net.bind0(Native Method)
java.base/sun.nio.ch.Net.bind(Net.java:522)
java.base/sun.nio.ch.Net.bind(Net.java:511)
java.base/sun.nio.ch.NioSocketImpl.bind(NioSocketImpl.java:641)
java.base/java.net.ServerSocket.bind(ServerSocket.java:326)
java.base/java.net.ServerSocket.<init>(ServerSocket.java:222)
server.base.BaseServer.<init>(BaseServer.java:75)
server.nitro.WebExpress.<init>(WebExpress.java:49)
server.nitro.NitroWebExpress.<init>(NitroWebExpress.java:55)
Main.<init>(Main.java:62)
Main.main(Main.java:81)
------------------------------------------------------------
[EXCEPTION] 2026-06-06T00:32:16.876943295Z
Type: java.net.BindException
Message: Address already in use
Origin: java.base/sun.nio.ch.Net.bind0(Native Method)
StackTrace:
java.base/sun.nio.ch.Net.bind0(Native Method)
java.base/sun.nio.ch.Net.bind(Net.java:522)
java.base/sun.nio.ch.Net.bind(Net.java:511)
java.base/sun.nio.ch.NioSocketImpl.bind(NioSocketImpl.java:641)
java.base/java.net.ServerSocket.bind(ServerSocket.java:326)
java.base/java.net.ServerSocket.<init>(ServerSocket.java:222)
server.base.BaseServer.<init>(BaseServer.java:75)
server.nitro.WebExpress.<init>(WebExpress.java:49)
server.nitro.NitroWebExpress.<init>(NitroWebExpress.java:55)
Main.<init>(Main.java:62)
Main.main(Main.java:81)
------------------------------------------------------------
[EXCEPTION] 2026-06-06T00:32:23.018544383Z
Type: java.net.BindException
Message: Address already in use
Origin: java.base/sun.nio.ch.Net.bind0(Native Method)
StackTrace: java.base/sun.nio.ch.Net.bind0(Native Method)
java.base/sun.nio.ch.Net.bind(Net.java:522)
java.base/sun.nio.ch.Net.bind(Net.java:511)
java.base/sun.nio.ch.NioSocketImpl.bind(NioSocketImpl.java:641)
java.base/java.net.ServerSocket.bind(ServerSocket.java:326)
java.base/java.net.ServerSocket.<init>(ServerSocket.java:222)
server.base.BaseServer.<init>(BaseServer.java:75)
server.nitro.WebExpress.<init>(WebExpress.java:49)
server.nitro.NitroWebExpress$Aspect$AESCompliant.<init>(NitroWebExpress.java:107)
Main.<init>(Main.java:72)
Main.main(Main.java:81)
------------------------------------------------------------
[EXCEPTION] 2026-06-06T00:32:23.018833273Z
Type: java.net.BindException
Message: Address already in use
Origin: java.base/sun.nio.ch.Net.bind0(Native Method)
StackTrace:
java.base/sun.nio.ch.Net.bind0(Native Method)
java.base/sun.nio.ch.Net.bind(Net.java:522)
java.base/sun.nio.ch.Net.bind(Net.java:511)
java.base/sun.nio.ch.NioSocketImpl.bind(NioSocketImpl.java:641)
java.base/java.net.ServerSocket.bind(ServerSocket.java:326)
java.base/java.net.ServerSocket.<init>(ServerSocket.java:222)
server.base.BaseServer.<init>(BaseServer.java:75)
server.nitro.WebExpress.<init>(WebExpress.java:49)
server.nitro.NitroWebExpress$Aspect$AESCompliant.<init>(NitroWebExpress.java:107)
Main.<init>(Main.java:72)
Main.main(Main.java:81)
------------------------------------------------------------
[EXCEPTION] 2026-06-06T00:32:27.292864711Z
Type: java.net.BindException
Message: Address already in use
Origin: java.base/sun.nio.ch.Net.bind0(Native Method)
StackTrace: java.base/sun.nio.ch.Net.bind0(Native Method)
java.base/sun.nio.ch.Net.bind(Net.java:522)
java.base/sun.nio.ch.Net.bind(Net.java:511)
java.base/sun.nio.ch.NioSocketImpl.bind(NioSocketImpl.java:641)
java.base/java.net.ServerSocket.bind(ServerSocket.java:326)
java.base/java.net.ServerSocket.<init>(ServerSocket.java:222)
server.base.BaseServer.<init>(BaseServer.java:75)
server.nitro.WebExpress.<init>(WebExpress.java:49)
server.nitro.NitroWebExpress$Aspect$BitcoinCompliant.<init>(NitroWebExpress.java:170)
Main.<init>(Main.java:74)
Main.main(Main.java:81)
------------------------------------------------------------
[EXCEPTION] 2026-06-06T00:32:27.292974542Z
Type: java.net.BindException
Message: Address already in use
Origin: java.base/sun.nio.ch.Net.bind0(Native Method)
StackTrace:
java.base/sun.nio.ch.Net.bind0(Native Method)
java.base/sun.nio.ch.Net.bind(Net.java:522)
java.base/sun.nio.ch.Net.bind(Net.java:511)
java.base/sun.nio.ch.NioSocketImpl.bind(NioSocketImpl.java:641)
java.base/java.net.ServerSocket.bind(ServerSocket.java:326)
java.base/java.net.ServerSocket.<init>(ServerSocket.java:222)
server.base.BaseServer.<init>(BaseServer.java:75)
server.nitro.WebExpress.<init>(WebExpress.java:49)
server.nitro.NitroWebExpress$Aspect$BitcoinCompliant.<init>(NitroWebExpress.java:170)
Main.<init>(Main.java:74)
Main.main(Main.java:81)
------------------------------------------------------------
